TN:
SF:/Users/alex/Code/qna/source/qna.js
FN:1,(anonymous_1)
FN:4,qna
FN:26,init
FN:47,ask
FN:57,respond
FN:67,answer
FN:73,clearNodes
FN:81,type
FN:96,(anonymous_9)
FN:100,(anonymous_10)
FN:105,(anonymous_11)
FN:119,answerOrRespond
FN:127,captureFormEvent
FN:136,getNodes
FN:144,getNode
FNF:15
FNH:11
FNDA:1,(anonymous_1)
FNDA:4,qna
FNDA:4,init
FNDA:4,ask
FNDA:0,respond
FNDA:0,answer
FNDA:4,clearNodes
FNDA:12,type
FNDA:8,(anonymous_9)
FNDA:8,(anonymous_10)
FNDA:8,(anonymous_11)
FNDA:0,answerOrRespond
FNDA:0,captureFormEvent
FNDA:4,getNodes
FNDA:8,getNode
DA:1,1
DA:4,1
DA:5,4
DA:8,4
DA:9,4
DA:10,4
DA:12,4
DA:13,4
DA:14,4
DA:15,4
DA:17,4
DA:20,4
DA:21,4
DA:22,4
DA:24,4
DA:26,1
DA:28,4
DA:30,4
DA:31,4
DA:33,4
DA:35,4
DA:36,4
DA:37,4
DA:39,4
DA:40,0
DA:47,1
DA:49,4
DA:50,4
DA:52,4
DA:54,4
DA:57,1
DA:58,0
DA:60,0
DA:61,0
DA:64,0
DA:67,1
DA:68,0
DA:69,0
DA:73,1
DA:74,4
DA:75,8
DA:76,8
DA:77,8
DA:81,1
DA:83,12
DA:84,4
DA:85,4
DA:88,8
DA:89,8
DA:91,8
DA:93,8
DA:94,8
DA:96,8
DA:97,8
DA:100,8
DA:101,8
DA:102,8
DA:105,8
DA:106,8
DA:107,8
DA:110,8
DA:112,8
DA:113,8
DA:114,8
DA:115,8
DA:116,8
DA:119,1
DA:120,0
DA:121,0
DA:122,0
DA:123,0
DA:127,1
DA:129,0
DA:130,0
DA:131,0
DA:132,0
DA:136,1
DA:137,4
DA:138,4
DA:141,0
DA:144,1
DA:145,8
DA:146,4
DA:149,4
DA:154,1
DA:155,1
DA:157,0
LF:87
LH:70
BRDA:28,1,0,4
BRDA:28,1,1,4
BRDA:39,2,0,0
BRDA:39,2,1,4
BRDA:39,3,0,4
BRDA:39,3,1,0
BRDA:60,4,0,0
BRDA:60,4,1,0
BRDA:83,5,0,4
BRDA:83,5,1,8
BRDA:83,6,0,12
BRDA:83,6,1,8
BRDA:84,7,0,0
BRDA:84,7,1,4
BRDA:93,8,0,8
BRDA:93,8,1,6
BRDA:94,9,0,8
BRDA:94,9,1,6
BRDA:120,10,0,0
BRDA:120,10,1,0
BRDA:122,11,0,0
BRDA:122,11,1,0
BRDA:129,12,0,0
BRDA:129,12,1,0
BRDA:131,13,0,0
BRDA:131,13,1,0
BRDA:137,14,0,4
BRDA:137,14,1,0
BRDA:145,15,0,4
BRDA:145,15,1,4
BRDA:154,16,0,1
BRDA:154,16,1,0
BRF:32
BRH:17
end_of_record
